[2021-11-11 19:54:02] local.ERROR: Class "Database\Factories\FormsFactory" not found {"exception":"[object] (Error(code: 0): Class \"Database\\Factories\\FormsFactory\" not found at /home/haya0002/public_html/FormEditor/vendor/laravel/framework/src/Illuminate/Database/Eloquent/Factories/Factory.php:722)
[stacktrace]
#0 /home/haya0002/public_html/FormEditor/vendor/laravel/framework/src/Illuminate/Database/Eloquent/Factories/HasFactory.php(15): Illuminate\\Database\\Eloquent\\Factories\\Factory::factoryForModel()
#1 /home/haya0002/public_html/FormEditor/database/seeders/FormsSeeder.php(18): App\\Models\\Forms::factory()
#2 /home/haya0002/public_html/FormEditor/vendor/laravel/framework/src/Illuminate/Container/BoundMethod.php(36): Database\\Seeders\\FormsSeeder->run()
#3 /home/haya0002/public_html/FormEditor/vendor/laravel/framework/src/Illuminate/Container/Util.php(40): Illuminate\\Container\\BoundMethod::Illuminate\\Container\\{closure}()
#4 /home/haya0002/public_html/FormEditor/vendor/laravel/framework/src/Illuminate/Container/BoundMethod.php(93): Illuminate\\Container\\Util::unwrapIfClosure()
#5 /home/haya0002/public_html/FormEditor/vendor/laravel/framework/src/Illuminate/Container/BoundMethod.php(37): Illuminate\\Container\\BoundMethod::callBoundMethod()
#6 /home/haya0002/public_html/FormEditor/vendor/laravel/framework/src/Illuminate/Container/Container.php(653): Illuminate\\Container\\BoundMethod::call()
#7 /home/haya0002/public_html/FormEditor/vendor/laravel/framework/src/Illuminate/Database/Seeder.php(149): Illuminate\\Container\\Container->call()
#8 /home/haya0002/public_html/FormEditor/vendor/laravel/framework/src/Illuminate/Database/Console/Seeds/SeedCommand.php(66): Illuminate\\Database\\Seeder->__invoke()
#9 /home/haya0002/public_html/FormEditor/vendor/laravel/framework/src/Illuminate/Database/Eloquent/Concerns/GuardsAttributes.php(157): Illuminate\\Database\\Console\\Seeds\\SeedCommand->Illuminate\\Database\\Console\\Seeds\\{closure}()
#10 /home/haya0002/public_html/FormEditor/vendor/laravel/framework/src/Illuminate/Database/Console/Seeds/SeedCommand.php(67): Illuminate\\Database\\Eloquent\\Model::unguarded()
#11 /home/haya0002/public_html/FormEditor/vendor/laravel/framework/src/Illuminate/Container/BoundMethod.php(36): Illuminate\\Database\\Console\\Seeds\\SeedCommand->handle()
#12 /home/haya0002/public_html/FormEditor/vendor/laravel/framework/src/Illuminate/Container/Util.php(40): Illuminate\\Container\\BoundMethod::Illuminate\\Container\\{closure}()
#13 /home/haya0002/public_html/FormEditor/vendor/laravel/framework/src/Illuminate/Container/BoundMethod.php(93): Illuminate\\Container\\Util::unwrapIfClosure()
#14 /home/haya0002/public_html/FormEditor/vendor/laravel/framework/src/Illuminate/Container/BoundMethod.php(37): Illuminate\\Container\\BoundMethod::callBoundMethod()
#15 /home/haya0002/public_html/FormEditor/vendor/laravel/framework/src/Illuminate/Container/Container.php(653): Illuminate\\Container\\BoundMethod::call()
#16 /home/haya0002/public_html/FormEditor/vendor/laravel/framework/src/Illuminate/Console/Command.php(136): Illuminate\\Container\\Container->call()
#17 /home/haya0002/public_html/FormEditor/vendor/symfony/console/Command/Command.php(299): Illuminate\\Console\\Command->execute()
#18 /home/haya0002/public_html/FormEditor/vendor/laravel/framework/src/Illuminate/Console/Command.php(121): Symfony\\Component\\Console\\Command\\Command->run()
#19 /home/haya0002/public_html/FormEditor/vendor/symfony/console/Application.php(978): Illuminate\\Console\\Command->run()
#20 /home/haya0002/public_html/FormEditor/vendor/symfony/console/Application.php(295): Symfony\\Component\\Console\\Application->doRunCommand()
#21 /home/haya0002/public_html/FormEditor/vendor/symfony/console/Application.php(167): Symfony\\Component\\Console\\Application->doRun()
#22 /home/haya0002/public_html/FormEditor/vendor/laravel/framework/src/Illuminate/Console/Application.php(94): Symfony\\Component\\Console\\Application->run()
#23 /home/haya0002/public_html/FormEditor/vendor/laravel/framework/src/Illuminate/Foundation/Console/Kernel.php(129): Illuminate\\Console\\Application->run()
#24 /home/haya0002/public_html/FormEditor/artisan(37): Illuminate\\Foundation\\Console\\Kernel->handle()
#25 {main}
"} 
[2021-11-11 19:59:14] local.ERROR: SQLSTATE[42S02]: Base table or view not found: 1146 Table 'HAYAT1DB.forms' doesn't exist (SQL: insert into `forms` (`title`, `message`, `date`, `user_id`, `updated_at`, `created_at`) values (Moyen Age, où il., Par la fenêtre et huma l'air frais pour se mettre en course pour trouver cette indispensable somme... -- Comment diable est-ce dans mes bottes? -- Ce sera, sans doute, c'était la faute de pouvoir., 2021-11-08 10:21:00, ?, 2021-11-11 19:59:14, 2021-11-11 19:59:14)) {"exception":"[object] (Illuminate\\Database\\QueryException(code: 42S02): SQLSTATE[42S02]: Base table or view not found: 1146 Table 'HAYAT1DB.forms' doesn't exist (SQL: insert into `forms` (`title`, `message`, `date`, `user_id`, `updated_at`, `created_at`) values (Moyen Age, où il., Par la fenêtre et huma l'air frais pour se mettre en course pour trouver cette indispensable somme... -- Comment diable est-ce dans mes bottes? -- Ce sera, sans doute, c'était la faute de pouvoir., 2021-11-08 10:21:00, ?, 2021-11-11 19:59:14, 2021-11-11 19:59:14)) at /home/haya0002/public_html/FormEditor/vendor/laravel/framework/src/Illuminate/Database/Connection.php:703)
[stacktrace]
#0 /home/haya0002/public_html/FormEditor/vendor/laravel/framework/src/Illuminate/Database/Connection.php(663): Illuminate\\Database\\Connection->runQueryCallback()
#1 /home/haya0002/public_html/FormEditor/vendor/laravel/framework/src/Illuminate/Database/Connection.php(493): Illuminate\\Database\\Connection->run()
#2 /home/haya0002/public_html/FormEditor/vendor/laravel/framework/src/Illuminate/Database/Connection.php(445): Illuminate\\Database\\Connection->statement()
#3 /home/haya0002/public_html/FormEditor/vendor/laravel/framework/src/Illuminate/Database/Query/Processors/Processor.php(32): Illuminate\\Database\\Connection->insert()
#4 /home/haya0002/public_html/FormEditor/vendor/laravel/framework/src/Illuminate/Database/Query/Builder.php(2966): Illuminate\\Database\\Query\\Processors\\Processor->processInsertGetId()
#5 /home/haya0002/public_html/FormEditor/vendor/laravel/framework/src/Illuminate/Database/Eloquent/Builder.php(1641): Illuminate\\Database\\Query\\Builder->insertGetId()
#6 /home/haya0002/public_html/FormEditor/vendor/laravel/framework/src/Illuminate/Database/Eloquent/Model.php(1188): Illuminate\\Database\\Eloquent\\Builder->__call()
#7 /home/haya0002/public_html/FormEditor/vendor/laravel/framework/src/Illuminate/Database/Eloquent/Model.php(1153): Illuminate\\Database\\Eloquent\\Model->insertAndSetId()
#8 /home/haya0002/public_html/FormEditor/vendor/laravel/framework/src/Illuminate/Database/Eloquent/Model.php(994): Illuminate\\Database\\Eloquent\\Model->performInsert()
#9 /home/haya0002/public_html/FormEditor/vendor/laravel/framework/src/Illuminate/Database/Eloquent/Factories/Factory.php(314): Illuminate\\Database\\Eloquent\\Model->save()
#10 /home/haya0002/public_html/FormEditor/vendor/laravel/framework/src/Illuminate/Collections/Traits/EnumeratesValues.php(242): Illuminate\\Database\\Eloquent\\Factories\\Factory->Illuminate\\Database\\Eloquent\\Factories\\{closure}()
#11 /home/haya0002/public_html/FormEditor/vendor/laravel/framework/src/Illuminate/Database/Eloquent/Factories/Factory.php(317): Illuminate\\Support\\Collection->each()
#12 /home/haya0002/public_html/FormEditor/vendor/laravel/framework/src/Illuminate/Database/Eloquent/Factories/Factory.php(265): Illuminate\\Database\\Eloquent\\Factories\\Factory->store()
#13 /home/haya0002/public_html/FormEditor/database/seeders/FormsSeeder.php(18): Illuminate\\Database\\Eloquent\\Factories\\Factory->create()
#14 /home/haya0002/public_html/FormEditor/vendor/laravel/framework/src/Illuminate/Container/BoundMethod.php(36): Database\\Seeders\\FormsSeeder->run()
#15 /home/haya0002/public_html/FormEditor/vendor/laravel/framework/src/Illuminate/Container/Util.php(40): Illuminate\\Container\\BoundMethod::Illuminate\\Container\\{closure}()
#16 /home/haya0002/public_html/FormEditor/vendor/laravel/framework/src/Illuminate/Container/BoundMethod.php(93): Illuminate\\Container\\Util::unwrapIfClosure()
#17 /home/haya0002/public_html/FormEditor/vendor/laravel/framework/src/Illuminate/Container/BoundMethod.php(37): Illuminate\\Container\\BoundMethod::callBoundMethod()
#18 /home/haya0002/public_html/FormEditor/vendor/laravel/framework/src/Illuminate/Container/Container.php(653): Illuminate\\Container\\BoundMethod::call()
#19 /home/haya0002/public_html/FormEditor/vendor/laravel/framework/src/Illuminate/Database/Seeder.php(149): Illuminate\\Container\\Container->call()
#20 /home/haya0002/public_html/FormEditor/vendor/laravel/framework/src/Illuminate/Database/Console/Seeds/SeedCommand.php(66): Illuminate\\Database\\Seeder->__invoke()
#21 /home/haya0002/public_html/FormEditor/vendor/laravel/framework/src/Illuminate/Database/Eloquent/Concerns/GuardsAttributes.php(157): Illuminate\\Database\\Console\\Seeds\\SeedCommand->Illuminate\\Database\\Console\\Seeds\\{closure}()
#22 /home/haya0002/public_html/FormEditor/vendor/laravel/framework/src/Illuminate/Database/Console/Seeds/SeedCommand.php(67): Illuminate\\Database\\Eloquent\\Model::unguarded()
#23 /home/haya0002/public_html/FormEditor/vendor/laravel/framework/src/Illuminate/Container/BoundMethod.php(36): Illuminate\\Database\\Console\\Seeds\\SeedCommand->handle()
#24 /home/haya0002/public_html/FormEditor/vendor/laravel/framework/src/Illuminate/Container/Util.php(40): Illuminate\\Container\\BoundMethod::Illuminate\\Container\\{closure}()
#25 /home/haya0002/public_html/FormEditor/vendor/laravel/framework/src/Illuminate/Container/BoundMethod.php(93): Illuminate\\Container\\Util::unwrapIfClosure()
#26 /home/haya0002/public_html/FormEditor/vendor/laravel/framework/src/Illuminate/Container/BoundMethod.php(37): Illuminate\\Container\\BoundMethod::callBoundMethod()
#27 /home/haya0002/public_html/FormEditor/vendor/laravel/framework/src/Illuminate/Container/Container.php(653): Illuminate\\Container\\BoundMethod::call()
#28 /home/haya0002/public_html/FormEditor/vendor/laravel/framework/src/Illuminate/Console/Command.php(136): Illuminate\\Container\\Container->call()
#29 /home/haya0002/public_html/FormEditor/vendor/symfony/console/Command/Command.php(299): Illuminate\\Console\\Command->execute()
#30 /home/haya0002/public_html/FormEditor/vendor/laravel/framework/src/Illuminate/Console/Command.php(121): Symfony\\Component\\Console\\Command\\Command->run()
#31 /home/haya0002/public_html/FormEditor/vendor/symfony/console/Application.php(978): Illuminate\\Console\\Command->run()
#32 /home/haya0002/public_html/FormEditor/vendor/symfony/console/Application.php(295): Symfony\\Component\\Console\\Application->doRunCommand()
#33 /home/haya0002/public_html/FormEditor/vendor/symfony/console/Application.php(167): Symfony\\Component\\Console\\Application->doRun()
#34 /home/haya0002/public_html/FormEditor/vendor/laravel/framework/src/Illuminate/Console/Application.php(94): Symfony\\Component\\Console\\Application->run()
#35 /home/haya0002/public_html/FormEditor/vendor/laravel/framework/src/Illuminate/Foundation/Console/Kernel.php(129): Illuminate\\Console\\Application->run()
#36 /home/haya0002/public_html/FormEditor/artisan(37): Illuminate\\Foundation\\Console\\Kernel->handle()
#37 {main}

[previous exception] [object] (PDOException(code: 42S02): SQLSTATE[42S02]: Base table or view not found: 1146 Table 'HAYAT1DB.forms' doesn't exist at /home/haya0002/public_html/FormEditor/vendor/laravel/framework/src/Illuminate/Database/Connection.php:486)
[stacktrace]
#0 /home/haya0002/public_html/FormEditor/vendor/laravel/framework/src/Illuminate/Database/Connection.php(486): PDO->prepare()
#1 /home/haya0002/public_html/FormEditor/vendor/laravel/framework/src/Illuminate/Database/Connection.php(696): Illuminate\\Database\\Connection->Illuminate\\Database\\{closure}()
#2 /home/haya0002/public_html/FormEditor/vendor/laravel/framework/src/Illuminate/Database/Connection.php(663): Illuminate\\Database\\Connection->runQueryCallback()
#3 /home/haya0002/public_html/FormEditor/vendor/laravel/framework/src/Illuminate/Database/Connection.php(493): Illuminate\\Database\\Connection->run()
#4 /home/haya0002/public_html/FormEditor/vendor/laravel/framework/src/Illuminate/Database/Connection.php(445): Illuminate\\Database\\Connection->statement()
#5 /home/haya0002/public_html/FormEditor/vendor/laravel/framework/src/Illuminate/Database/Query/Processors/Processor.php(32): Illuminate\\Database\\Connection->insert()
#6 /home/haya0002/public_html/FormEditor/vendor/laravel/framework/src/Illuminate/Database/Query/Builder.php(2966): Illuminate\\Database\\Query\\Processors\\Processor->processInsertGetId()
#7 /home/haya0002/public_html/FormEditor/vendor/laravel/framework/src/Illuminate/Database/Eloquent/Builder.php(1641): Illuminate\\Database\\Query\\Builder->insertGetId()
#8 /home/haya0002/public_html/FormEditor/vendor/laravel/framework/src/Illuminate/Database/Eloquent/Model.php(1188): Illuminate\\Database\\Eloquent\\Builder->__call()
#9 /home/haya0002/public_html/FormEditor/vendor/laravel/framework/src/Illuminate/Database/Eloquent/Model.php(1153): Illuminate\\Database\\Eloquent\\Model->insertAndSetId()
#10 /home/haya0002/public_html/FormEditor/vendor/laravel/framework/src/Illuminate/Database/Eloquent/Model.php(994): Illuminate\\Database\\Eloquent\\Model->performInsert()
#11 /home/haya0002/public_html/FormEditor/vendor/laravel/framework/src/Illuminate/Database/Eloquent/Factories/Factory.php(314): Illuminate\\Database\\Eloquent\\Model->save()
#12 /home/haya0002/public_html/FormEditor/vendor/laravel/framework/src/Illuminate/Collections/Traits/EnumeratesValues.php(242): Illuminate\\Database\\Eloquent\\Factories\\Factory->Illuminate\\Database\\Eloquent\\Factories\\{closure}()
#13 /home/haya0002/public_html/FormEditor/vendor/laravel/framework/src/Illuminate/Database/Eloquent/Factories/Factory.php(317): Illuminate\\Support\\Collection->each()
#14 /home/haya0002/public_html/FormEditor/vendor/laravel/framework/src/Illuminate/Database/Eloquent/Factories/Factory.php(265): Illuminate\\Database\\Eloquent\\Factories\\Factory->store()
#15 /home/haya0002/public_html/FormEditor/database/seeders/FormsSeeder.php(18): Illuminate\\Database\\Eloquent\\Factories\\Factory->create()
#16 /home/haya0002/public_html/FormEditor/vendor/laravel/framework/src/Illuminate/Container/BoundMethod.php(36): Database\\Seeders\\FormsSeeder->run()
#17 /home/haya0002/public_html/FormEditor/vendor/laravel/framework/src/Illuminate/Container/Util.php(40): Illuminate\\Container\\BoundMethod::Illuminate\\Container\\{closure}()
#18 /home/haya0002/public_html/FormEditor/vendor/laravel/framework/src/Illuminate/Container/BoundMethod.php(93): Illuminate\\Container\\Util::unwrapIfClosure()
#19 /home/haya0002/public_html/FormEditor/vendor/laravel/framework/src/Illuminate/Container/BoundMethod.php(37): Illuminate\\Container\\BoundMethod::callBoundMethod()
#20 /home/haya0002/public_html/FormEditor/vendor/laravel/framework/src/Illuminate/Container/Container.php(653): Illuminate\\Container\\BoundMethod::call()
#21 /home/haya0002/public_html/FormEditor/vendor/laravel/framework/src/Illuminate/Database/Seeder.php(149): Illuminate\\Container\\Container->call()
#22 /home/haya0002/public_html/FormEditor/vendor/laravel/framework/src/Illuminate/Database/Console/Seeds/SeedCommand.php(66): Illuminate\\Database\\Seeder->__invoke()
#23 /home/haya0002/public_html/FormEditor/vendor/laravel/framework/src/Illuminate/Database/Eloquent/Concerns/GuardsAttributes.php(157): Illuminate\\Database\\Console\\Seeds\\SeedCommand->Illuminate\\Database\\Console\\Seeds\\{closure}()
#24 /home/haya0002/public_html/FormEditor/vendor/laravel/framework/src/Illuminate/Database/Console/Seeds/SeedCommand.php(67): Illuminate\\Database\\Eloquent\\Model::unguarded()
#25 /home/haya0002/public_html/FormEditor/vendor/laravel/framework/src/Illuminate/Container/BoundMethod.php(36): Illuminate\\Database\\Console\\Seeds\\SeedCommand->handle()
#26 /home/haya0002/public_html/FormEditor/vendor/laravel/framework/src/Illuminate/Container/Util.php(40): Illuminate\\Container\\BoundMethod::Illuminate\\Container\\{closure}()
#27 /home/haya0002/public_html/FormEditor/vendor/laravel/framework/src/Illuminate/Container/BoundMethod.php(93): Illuminate\\Container\\Util::unwrapIfClosure()
#28 /home/haya0002/public_html/FormEditor/vendor/laravel/framework/src/Illuminate/Container/BoundMethod.php(37): Illuminate\\Container\\BoundMethod::callBoundMethod()
#29 /home/haya0002/public_html/FormEditor/vendor/laravel/framework/src/Illuminate/Container/Container.php(653): Illuminate\\Container\\BoundMethod::call()
#30 /home/haya0002/public_html/FormEditor/vendor/laravel/framework/src/Illuminate/Console/Command.php(136): Illuminate\\Container\\Container->call()
#31 /home/haya0002/public_html/FormEditor/vendor/symfony/console/Command/Command.php(299): Illuminate\\Console\\Command->execute()
#32 /home/haya0002/public_html/FormEditor/vendor/laravel/framework/src/Illuminate/Console/Command.php(121): Symfony\\Component\\Console\\Command\\Command->run()
#33 /home/haya0002/public_html/FormEditor/vendor/symfony/console/Application.php(978): Illuminate\\Console\\Command->run()
#34 /home/haya0002/public_html/FormEditor/vendor/symfony/console/Application.php(295): Symfony\\Component\\Console\\Application->doRunCommand()
#35 /home/haya0002/public_html/FormEditor/vendor/symfony/console/Application.php(167): Symfony\\Component\\Console\\Application->doRun()
#36 /home/haya0002/public_html/FormEditor/vendor/laravel/framework/src/Illuminate/Console/Application.php(94): Symfony\\Component\\Console\\Application->run()
#37 /home/haya0002/public_html/FormEditor/vendor/laravel/framework/src/Illuminate/Foundation/Console/Kernel.php(129): Illuminate\\Console\\Application->run()
#38 /home/haya0002/public_html/FormEditor/artisan(37): Illuminate\\Foundation\\Console\\Kernel->handle()
#39 {main}
"} 
[2021-11-11 20:20:28] local.ERROR: In order to use the Auth::routes() method, please install the laravel/ui package. {"exception":"[object] (RuntimeException(code: 0): In order to use the Auth::routes() method, please install the laravel/ui package. at /home/haya0002/public_html/FormEditor/vendor/laravel/framework/src/Illuminate/Support/Facades/Auth.php:59)
[stacktrace]
#0 /home/haya0002/public_html/FormEditor/routes/web.php(21): Illuminate\\Support\\Facades\\Auth::routes()
#1 /home/haya0002/public_html/FormEditor/vendor/laravel/framework/src/Illuminate/Routing/RouteFileRegistrar.php(35): require('...')
#2 /home/haya0002/public_html/FormEditor/vendor/laravel/framework/src/Illuminate/Routing/Router.php(425): Illuminate\\Routing\\RouteFileRegistrar->register()
#3 /home/haya0002/public_html/FormEditor/vendor/laravel/framework/src/Illuminate/Routing/Router.php(382): Illuminate\\Routing\\Router->loadRoutes()
#4 /home/haya0002/public_html/FormEditor/vendor/laravel/framework/src/Illuminate/Routing/RouteRegistrar.php(161): Illuminate\\Routing\\Router->group()
#5 /home/haya0002/public_html/FormEditor/app/Providers/RouteServiceProvider.php(48): Illuminate\\Routing\\RouteRegistrar->group()
#6 /home/haya0002/public_html/FormEditor/vendor/laravel/framework/src/Illuminate/Container/BoundMethod.php(36): App\\Providers\\RouteServiceProvider->App\\Providers\\{closure}()
#7 /home/haya0002/public_html/FormEditor/vendor/laravel/framework/src/Illuminate/Container/Util.php(40): Illuminate\\Container\\BoundMethod::Illuminate\\Container\\{closure}()
#8 /home/haya0002/public_html/FormEditor/vendor/laravel/framework/src/Illuminate/Container/BoundMethod.php(81): Illuminate\\Container\\Util::unwrapIfClosure()
#9 /home/haya0002/public_html/FormEditor/vendor/laravel/framework/src/Illuminate/Container/BoundMethod.php(37): Illuminate\\Container\\BoundMethod::callBoundMethod()
#10 /home/haya0002/public_html/FormEditor/vendor/laravel/framework/src/Illuminate/Container/Container.php(653): Illuminate\\Container\\BoundMethod::call()
#11 /home/haya0002/public_html/FormEditor/vendor/laravel/framework/src/Illuminate/Foundation/Support/Providers/RouteServiceProvider.php(120): Illuminate\\Container\\Container->call()
#12 /home/haya0002/public_html/FormEditor/vendor/laravel/framework/src/Illuminate/Foundation/Support/Providers/RouteServiceProvider.php(45): Illuminate\\Foundation\\Support\\Providers\\RouteServiceProvider->loadRoutes()
#13 /home/haya0002/public_html/FormEditor/vendor/laravel/framework/src/Illuminate/Container/BoundMethod.php(36): Illuminate\\Foundation\\Support\\Providers\\RouteServiceProvider->Illuminate\\Foundation\\Support\\Providers\\{closure}()
#14 /home/haya0002/public_html/FormEditor/vendor/laravel/framework/src/Illuminate/Container/Util.php(40): Illuminate\\Container\\BoundMethod::Illuminate\\Container\\{closure}()
#15 /home/haya0002/public_html/FormEditor/vendor/laravel/framework/src/Illuminate/Container/BoundMethod.php(81): Illuminate\\Container\\Util::unwrapIfClosure()
#16 /home/haya0002/public_html/FormEditor/vendor/laravel/framework/src/Illuminate/Container/BoundMethod.php(37): Illuminate\\Container\\BoundMethod::callBoundMethod()
#17 /home/haya0002/public_html/FormEditor/vendor/laravel/framework/src/Illuminate/Container/Container.php(653): Illuminate\\Container\\BoundMethod::call()
#18 /home/haya0002/public_html/FormEditor/vendor/laravel/framework/src/Illuminate/Support/ServiceProvider.php(119): Illuminate\\Container\\Container->call()
#19 /home/haya0002/public_html/FormEditor/vendor/laravel/framework/src/Illuminate/Foundation/Application.php(917): Illuminate\\Support\\ServiceProvider->callBootedCallbacks()
#20 /home/haya0002/public_html/FormEditor/vendor/laravel/framework/src/Illuminate/Foundation/Application.php(895): Illuminate\\Foundation\\Application->bootProvider()
#21 [internal function]: Illuminate\\Foundation\\Application->Illuminate\\Foundation\\{closure}()
#22 /home/haya0002/public_html/FormEditor/vendor/laravel/framework/src/Illuminate/Foundation/Application.php(896): array_walk()
#23 /home/haya0002/public_html/FormEditor/vendor/laravel/framework/src/Illuminate/Foundation/Bootstrap/BootProviders.php(17): Illuminate\\Foundation\\Application->boot()
#24 /home/haya0002/public_html/FormEditor/vendor/laravel/framework/src/Illuminate/Foundation/Application.php(237): Illuminate\\Foundation\\Bootstrap\\BootProviders->bootstrap()
#25 /home/haya0002/public_html/FormEditor/vendor/laravel/framework/src/Illuminate/Foundation/Console/Kernel.php(310): Illuminate\\Foundation\\Application->bootstrapWith()
#26 /home/haya0002/public_html/FormEditor/vendor/laravel/framework/src/Illuminate/Foundation/Console/Kernel.php(127): Illuminate\\Foundation\\Console\\Kernel->bootstrap()
#27 /home/haya0002/public_html/FormEditor/artisan(37): Illuminate\\Foundation\\Console\\Kernel->handle()
#28 {main}
"} 
[2021-11-11 20:21:01] local.ERROR: SQLSTATE[23000]: Integrity constraint violation: 1048 Column 'user_id' cannot be null (SQL: insert into `forms` (`title`, `message`, `date`, `user_id`, `updated_at`, `created_at`) values (Ils passaient et., M. Rodolphe, une cigarette à la première fois qu'Emma s'entendait dire ces choses; et il caressait du revers de la commission consultative? La mère Bovary, les jours se servir d'une si belle jambe., 2021-07-18 03:12:11, ?, 2021-11-11 20:21:01, 2021-11-11 20:21:01)) {"exception":"[object] (Illuminate\\Database\\QueryException(code: 23000): SQLSTATE[23000]: Integrity constraint violation: 1048 Column 'user_id' cannot be null (SQL: insert into `forms` (`title`, `message`, `date`, `user_id`, `updated_at`, `created_at`) values (Ils passaient et., M. Rodolphe, une cigarette à la première fois qu'Emma s'entendait dire ces choses; et il caressait du revers de la commission consultative? La mère Bovary, les jours se servir d'une si belle jambe., 2021-07-18 03:12:11, ?, 2021-11-11 20:21:01, 2021-11-11 20:21:01)) at /home/haya0002/public_html/FormEditor/vendor/laravel/framework/src/Illuminate/Database/Connection.php:703)
[stacktrace]
#0 /home/haya0002/public_html/FormEditor/vendor/laravel/framework/src/Illuminate/Database/Connection.php(663): Illuminate\\Database\\Connection->runQueryCallback()
#1 /home/haya0002/public_html/FormEditor/vendor/laravel/framework/src/Illuminate/Database/Connection.php(493): Illuminate\\Database\\Connection->run()
#2 /home/haya0002/public_html/FormEditor/vendor/laravel/framework/src/Illuminate/Database/Connection.php(445): Illuminate\\Database\\Connection->statement()
#3 /home/haya0002/public_html/FormEditor/vendor/laravel/framework/src/Illuminate/Database/Query/Processors/Processor.php(32): Illuminate\\Database\\Connection->insert()
#4 /home/haya0002/public_html/FormEditor/vendor/laravel/framework/src/Illuminate/Database/Query/Builder.php(2966): Illuminate\\Database\\Query\\Processors\\Processor->processInsertGetId()
#5 /home/haya0002/public_html/FormEditor/vendor/laravel/framework/src/Illuminate/Database/Eloquent/Builder.php(1641): Illuminate\\Database\\Query\\Builder->insertGetId()
#6 /home/haya0002/public_html/FormEditor/vendor/laravel/framework/src/Illuminate/Database/Eloquent/Model.php(1188): Illuminate\\Database\\Eloquent\\Builder->__call()
#7 /home/haya0002/public_html/FormEditor/vendor/laravel/framework/src/Illuminate/Database/Eloquent/Model.php(1153): Illuminate\\Database\\Eloquent\\Model->insertAndSetId()
#8 /home/haya0002/public_html/FormEditor/vendor/laravel/framework/src/Illuminate/Database/Eloquent/Model.php(994): Illuminate\\Database\\Eloquent\\Model->performInsert()
#9 /home/haya0002/public_html/FormEditor/vendor/laravel/framework/src/Illuminate/Database/Eloquent/Factories/Factory.php(314): Illuminate\\Database\\Eloquent\\Model->save()
#10 /home/haya0002/public_html/FormEditor/vendor/laravel/framework/src/Illuminate/Collections/Traits/EnumeratesValues.php(242): Illuminate\\Database\\Eloquent\\Factories\\Factory->Illuminate\\Database\\Eloquent\\Factories\\{closure}()
#11 /home/haya0002/public_html/FormEditor/vendor/laravel/framework/src/Illuminate/Database/Eloquent/Factories/Factory.php(317): Illuminate\\Support\\Collection->each()
#12 /home/haya0002/public_html/FormEditor/vendor/laravel/framework/src/Illuminate/Database/Eloquent/Factories/Factory.php(265): Illuminate\\Database\\Eloquent\\Factories\\Factory->store()
#13 /home/haya0002/public_html/FormEditor/database/seeders/FormsSeeder.php(18): Illuminate\\Database\\Eloquent\\Factories\\Factory->create()
#14 /home/haya0002/public_html/FormEditor/vendor/laravel/framework/src/Illuminate/Container/BoundMethod.php(36): Database\\Seeders\\FormsSeeder->run()
#15 /home/haya0002/public_html/FormEditor/vendor/laravel/framework/src/Illuminate/Container/Util.php(40): Illuminate\\Container\\BoundMethod::Illuminate\\Container\\{closure}()
#16 /home/haya0002/public_html/FormEditor/vendor/laravel/framework/src/Illuminate/Container/BoundMethod.php(93): Illuminate\\Container\\Util::unwrapIfClosure()
#17 /home/haya0002/public_html/FormEditor/vendor/laravel/framework/src/Illuminate/Container/BoundMethod.php(37): Illuminate\\Container\\BoundMethod::callBoundMethod()
#18 /home/haya0002/public_html/FormEditor/vendor/laravel/framework/src/Illuminate/Container/Container.php(653): Illuminate\\Container\\BoundMethod::call()
#19 /home/haya0002/public_html/FormEditor/vendor/laravel/framework/src/Illuminate/Database/Seeder.php(149): Illuminate\\Container\\Container->call()
#20 /home/haya0002/public_html/FormEditor/vendor/laravel/framework/src/Illuminate/Database/Seeder.php(49): Illuminate\\Database\\Seeder->__invoke()
#21 /home/haya0002/public_html/FormEditor/database/seeders/DatabaseSeeder.php(17): Illuminate\\Database\\Seeder->call()
#22 /home/haya0002/public_html/FormEditor/vendor/laravel/framework/src/Illuminate/Container/BoundMethod.php(36): Database\\Seeders\\DatabaseSeeder->run()
#23 /home/haya0002/public_html/FormEditor/vendor/laravel/framework/src/Illuminate/Container/Util.php(40): Illuminate\\Container\\BoundMethod::Illuminate\\Container\\{closure}()
#24 /home/haya0002/public_html/FormEditor/vendor/laravel/framework/src/Illuminate/Container/BoundMethod.php(93): Illuminate\\Container\\Util::unwrapIfClosure()
#25 /home/haya0002/public_html/FormEditor/vendor/laravel/framework/src/Illuminate/Container/BoundMethod.php(37): Illuminate\\Container\\BoundMethod::callBoundMethod()
#26 /home/haya0002/public_html/FormEditor/vendor/laravel/framework/src/Illuminate/Container/Container.php(653): Illuminate\\Container\\BoundMethod::call()
#27 /home/haya0002/public_html/FormEditor/vendor/laravel/framework/src/Illuminate/Database/Seeder.php(149): Illuminate\\Container\\Container->call()
#28 /home/haya0002/public_html/FormEditor/vendor/laravel/framework/src/Illuminate/Database/Console/Seeds/SeedCommand.php(66): Illuminate\\Database\\Seeder->__invoke()
#29 /home/haya0002/public_html/FormEditor/vendor/laravel/framework/src/Illuminate/Database/Eloquent/Concerns/GuardsAttributes.php(157): Illuminate\\Database\\Console\\Seeds\\SeedCommand->Illuminate\\Database\\Console\\Seeds\\{closure}()
#30 /home/haya0002/public_html/FormEditor/vendor/laravel/framework/src/Illuminate/Database/Console/Seeds/SeedCommand.php(67): Illuminate\\Database\\Eloquent\\Model::unguarded()
#31 /home/haya0002/public_html/FormEditor/vendor/laravel/framework/src/Illuminate/Container/BoundMethod.php(36): Illuminate\\Database\\Console\\Seeds\\SeedCommand->handle()
#32 /home/haya0002/public_html/FormEditor/vendor/laravel/framework/src/Illuminate/Container/Util.php(40): Illuminate\\Container\\BoundMethod::Illuminate\\Container\\{closure}()
#33 /home/haya0002/public_html/FormEditor/vendor/laravel/framework/src/Illuminate/Container/BoundMethod.php(93): Illuminate\\Container\\Util::unwrapIfClosure()
#34 /home/haya0002/public_html/FormEditor/vendor/laravel/framework/src/Illuminate/Container/BoundMethod.php(37): Illuminate\\Container\\BoundMethod::callBoundMethod()
#35 /home/haya0002/public_html/FormEditor/vendor/laravel/framework/src/Illuminate/Container/Container.php(653): Illuminate\\Container\\BoundMethod::call()
#36 /home/haya0002/public_html/FormEditor/vendor/laravel/framework/src/Illuminate/Console/Command.php(136): Illuminate\\Container\\Container->call()
#37 /home/haya0002/public_html/FormEditor/vendor/symfony/console/Command/Command.php(299): Illuminate\\Console\\Command->execute()
#38 /home/haya0002/public_html/FormEditor/vendor/laravel/framework/src/Illuminate/Console/Command.php(121): Symfony\\Component\\Console\\Command\\Command->run()
#39 /home/haya0002/public_html/FormEditor/vendor/laravel/framework/src/Illuminate/Console/Concerns/CallsCommands.php(68): Illuminate\\Console\\Command->run()
#40 /home/haya0002/public_html/FormEditor/vendor/laravel/framework/src/Illuminate/Console/Concerns/CallsCommands.php(28): Illuminate\\Console\\Command->runCommand()
#41 /home/haya0002/public_html/FormEditor/vendor/laravel/framework/src/Illuminate/Database/Console/Migrations/FreshCommand.php(90): Illuminate\\Console\\Command->call()
#42 /home/haya0002/public_html/FormEditor/vendor/laravel/framework/src/Illuminate/Database/Console/Migrations/FreshCommand.php(65): Illuminate\\Database\\Console\\Migrations\\FreshCommand->runSeeder()
#43 /home/haya0002/public_html/FormEditor/vendor/laravel/framework/src/Illuminate/Container/BoundMethod.php(36): Illuminate\\Database\\Console\\Migrations\\FreshCommand->handle()
#44 /home/haya0002/public_html/FormEditor/vendor/laravel/framework/src/Illuminate/Container/Util.php(40): Illuminate\\Container\\BoundMethod::Illuminate\\Container\\{closure}()
#45 /home/haya0002/public_html/FormEditor/vendor/laravel/framework/src/Illuminate/Container/BoundMethod.php(93): Illuminate\\Container\\Util::unwrapIfClosure()
#46 /home/haya0002/public_html/FormEditor/vendor/laravel/framework/src/Illuminate/Container/BoundMethod.php(37): Illuminate\\Container\\BoundMethod::callBoundMethod()
#47 /home/haya0002/public_html/FormEditor/vendor/laravel/framework/src/Illuminate/Container/Container.php(653): Illuminate\\Container\\BoundMethod::call()
#48 /home/haya0002/public_html/FormEditor/vendor/laravel/framework/src/Illuminate/Console/Command.php(136): Illuminate\\Container\\Container->call()
#49 /home/haya0002/public_html/FormEditor/vendor/symfony/console/Command/Command.php(299): Illuminate\\Console\\Command->execute()
#50 /home/haya0002/public_html/FormEditor/vendor/laravel/framework/src/Illuminate/Console/Command.php(121): Symfony\\Component\\Console\\Command\\Command->run()
#51 /home/haya0002/public_html/FormEditor/vendor/symfony/console/Application.php(978): Illuminate\\Console\\Command->run()
#52 /home/haya0002/public_html/FormEditor/vendor/symfony/console/Application.php(295): Symfony\\Component\\Console\\Application->doRunCommand()
#53 /home/haya0002/public_html/FormEditor/vendor/symfony/console/Application.php(167): Symfony\\Component\\Console\\Application->doRun()
#54 /home/haya0002/public_html/FormEditor/vendor/laravel/framework/src/Illuminate/Console/Application.php(94): Symfony\\Component\\Console\\Application->run()
#55 /home/haya0002/public_html/FormEditor/vendor/laravel/framework/src/Illuminate/Foundation/Console/Kernel.php(129): Illuminate\\Console\\Application->run()
#56 /home/haya0002/public_html/FormEditor/artisan(37): Illuminate\\Foundation\\Console\\Kernel->handle()
#57 {main}

[previous exception] [object] (PDOException(code: 23000): SQLSTATE[23000]: Integrity constraint violation: 1048 Column 'user_id' cannot be null at /home/haya0002/public_html/FormEditor/vendor/laravel/framework/src/Illuminate/Database/Connection.php:492)
[stacktrace]
#0 /home/haya0002/public_html/FormEditor/vendor/laravel/framework/src/Illuminate/Database/Connection.php(492): PDOStatement->execute()
#1 /home/haya0002/public_html/FormEditor/vendor/laravel/framework/src/Illuminate/Database/Connection.php(696): Illuminate\\Database\\Connection->Illuminate\\Database\\{closure}()
#2 /home/haya0002/public_html/FormEditor/vendor/laravel/framework/src/Illuminate/Database/Connection.php(663): Illuminate\\Database\\Connection->runQueryCallback()
#3 /home/haya0002/public_html/FormEditor/vendor/laravel/framework/src/Illuminate/Database/Connection.php(493): Illuminate\\Database\\Connection->run()
#4 /home/haya0002/public_html/FormEditor/vendor/laravel/framework/src/Illuminate/Database/Connection.php(445): Illuminate\\Database\\Connection->statement()
#5 /home/haya0002/public_html/FormEditor/vendor/laravel/framework/src/Illuminate/Database/Query/Processors/Processor.php(32): Illuminate\\Database\\Connection->insert()
#6 /home/haya0002/public_html/FormEditor/vendor/laravel/framework/src/Illuminate/Database/Query/Builder.php(2966): Illuminate\\Database\\Query\\Processors\\Processor->processInsertGetId()
#7 /home/haya0002/public_html/FormEditor/vendor/laravel/framework/src/Illuminate/Database/Eloquent/Builder.php(1641): Illuminate\\Database\\Query\\Builder->insertGetId()
#8 /home/haya0002/public_html/FormEditor/vendor/laravel/framework/src/Illuminate/Database/Eloquent/Model.php(1188): Illuminate\\Database\\Eloquent\\Builder->__call()
#9 /home/haya0002/public_html/FormEditor/vendor/laravel/framework/src/Illuminate/Database/Eloquent/Model.php(1153): Illuminate\\Database\\Eloquent\\Model->insertAndSetId()
#10 /home/haya0002/public_html/FormEditor/vendor/laravel/framework/src/Illuminate/Database/Eloquent/Model.php(994): Illuminate\\Database\\Eloquent\\Model->performInsert()
#11 /home/haya0002/public_html/FormEditor/vendor/laravel/framework/src/Illuminate/Database/Eloquent/Factories/Factory.php(314): Illuminate\\Database\\Eloquent\\Model->save()
#12 /home/haya0002/public_html/FormEditor/vendor/laravel/framework/src/Illuminate/Collections/Traits/EnumeratesValues.php(242): Illuminate\\Database\\Eloquent\\Factories\\Factory->Illuminate\\Database\\Eloquent\\Factories\\{closure}()
#13 /home/haya0002/public_html/FormEditor/vendor/laravel/framework/src/Illuminate/Database/Eloquent/Factories/Factory.php(317): Illuminate\\Support\\Collection->each()
#14 /home/haya0002/public_html/FormEditor/vendor/laravel/framework/src/Illuminate/Database/Eloquent/Factories/Factory.php(265): Illuminate\\Database\\Eloquent\\Factories\\Factory->store()
#15 /home/haya0002/public_html/FormEditor/database/seeders/FormsSeeder.php(18): Illuminate\\Database\\Eloquent\\Factories\\Factory->create()
#16 /home/haya0002/public_html/FormEditor/vendor/laravel/framework/src/Illuminate/Container/BoundMethod.php(36): Database\\Seeders\\FormsSeeder->run()
#17 /home/haya0002/public_html/FormEditor/vendor/laravel/framework/src/Illuminate/Container/Util.php(40): Illuminate\\Container\\BoundMethod::Illuminate\\Container\\{closure}()
#18 /home/haya0002/public_html/FormEditor/vendor/laravel/framework/src/Illuminate/Container/BoundMethod.php(93): Illuminate\\Container\\Util::unwrapIfClosure()
#19 /home/haya0002/public_html/FormEditor/vendor/laravel/framework/src/Illuminate/Container/BoundMethod.php(37): Illuminate\\Container\\BoundMethod::callBoundMethod()
#20 /home/haya0002/public_html/FormEditor/vendor/laravel/framework/src/Illuminate/Container/Container.php(653): Illuminate\\Container\\BoundMethod::call()
#21 /home/haya0002/public_html/FormEditor/vendor/laravel/framework/src/Illuminate/Database/Seeder.php(149): Illuminate\\Container\\Container->call()
#22 /home/haya0002/public_html/FormEditor/vendor/laravel/framework/src/Illuminate/Database/Seeder.php(49): Illuminate\\Database\\Seeder->__invoke()
#23 /home/haya0002/public_html/FormEditor/database/seeders/DatabaseSeeder.php(17): Illuminate\\Database\\Seeder->call()
#24 /home/haya0002/public_html/FormEditor/vendor/laravel/framework/src/Illuminate/Container/BoundMethod.php(36): Database\\Seeders\\DatabaseSeeder->run()
#25 /home/haya0002/public_html/FormEditor/vendor/laravel/framework/src/Illuminate/Container/Util.php(40): Illuminate\\Container\\BoundMethod::Illuminate\\Container\\{closure}()
#26 /home/haya0002/public_html/FormEditor/vendor/laravel/framework/src/Illuminate/Container/BoundMethod.php(93): Illuminate\\Container\\Util::unwrapIfClosure()
#27 /home/haya0002/public_html/FormEditor/vendor/laravel/framework/src/Illuminate/Container/BoundMethod.php(37): Illuminate\\Container\\BoundMethod::callBoundMethod()
#28 /home/haya0002/public_html/FormEditor/vendor/laravel/framework/src/Illuminate/Container/Container.php(653): Illuminate\\Container\\BoundMethod::call()
#29 /home/haya0002/public_html/FormEditor/vendor/laravel/framework/src/Illuminate/Database/Seeder.php(149): Illuminate\\Container\\Container->call()
#30 /home/haya0002/public_html/FormEditor/vendor/laravel/framework/src/Illuminate/Database/Console/Seeds/SeedCommand.php(66): Illuminate\\Database\\Seeder->__invoke()
#31 /home/haya0002/public_html/FormEditor/vendor/laravel/framework/src/Illuminate/Database/Eloquent/Concerns/GuardsAttributes.php(157): Illuminate\\Database\\Console\\Seeds\\SeedCommand->Illuminate\\Database\\Console\\Seeds\\{closure}()
#32 /home/haya0002/public_html/FormEditor/vendor/laravel/framework/src/Illuminate/Database/Console/Seeds/SeedCommand.php(67): Illuminate\\Database\\Eloquent\\Model::unguarded()
#33 /home/haya0002/public_html/FormEditor/vendor/laravel/framework/src/Illuminate/Container/BoundMethod.php(36): Illuminate\\Database\\Console\\Seeds\\SeedCommand->handle()
#34 /home/haya0002/public_html/FormEditor/vendor/laravel/framework/src/Illuminate/Container/Util.php(40): Illuminate\\Container\\BoundMethod::Illuminate\\Container\\{closure}()
#35 /home/haya0002/public_html/FormEditor/vendor/laravel/framework/src/Illuminate/Container/BoundMethod.php(93): Illuminate\\Container\\Util::unwrapIfClosure()
#36 /home/haya0002/public_html/FormEditor/vendor/laravel/framework/src/Illuminate/Container/BoundMethod.php(37): Illuminate\\Container\\BoundMethod::callBoundMethod()
#37 /home/haya0002/public_html/FormEditor/vendor/laravel/framework/src/Illuminate/Container/Container.php(653): Illuminate\\Container\\BoundMethod::call()
#38 /home/haya0002/public_html/FormEditor/vendor/laravel/framework/src/Illuminate/Console/Command.php(136): Illuminate\\Container\\Container->call()
#39 /home/haya0002/public_html/FormEditor/vendor/symfony/console/Command/Command.php(299): Illuminate\\Console\\Command->execute()
#40 /home/haya0002/public_html/FormEditor/vendor/laravel/framework/src/Illuminate/Console/Command.php(121): Symfony\\Component\\Console\\Command\\Command->run()
#41 /home/haya0002/public_html/FormEditor/vendor/laravel/framework/src/Illuminate/Console/Concerns/CallsCommands.php(68): Illuminate\\Console\\Command->run()
#42 /home/haya0002/public_html/FormEditor/vendor/laravel/framework/src/Illuminate/Console/Concerns/CallsCommands.php(28): Illuminate\\Console\\Command->runCommand()
#43 /home/haya0002/public_html/FormEditor/vendor/laravel/framework/src/Illuminate/Database/Console/Migrations/FreshCommand.php(90): Illuminate\\Console\\Command->call()
#44 /home/haya0002/public_html/FormEditor/vendor/laravel/framework/src/Illuminate/Database/Console/Migrations/FreshCommand.php(65): Illuminate\\Database\\Console\\Migrations\\FreshCommand->runSeeder()
#45 /home/haya0002/public_html/FormEditor/vendor/laravel/framework/src/Illuminate/Container/BoundMethod.php(36): Illuminate\\Database\\Console\\Migrations\\FreshCommand->handle()
#46 /home/haya0002/public_html/FormEditor/vendor/laravel/framework/src/Illuminate/Container/Util.php(40): Illuminate\\Container\\BoundMethod::Illuminate\\Container\\{closure}()
#47 /home/haya0002/public_html/FormEditor/vendor/laravel/framework/src/Illuminate/Container/BoundMethod.php(93): Illuminate\\Container\\Util::unwrapIfClosure()
#48 /home/haya0002/public_html/FormEditor/vendor/laravel/framework/src/Illuminate/Container/BoundMethod.php(37): Illuminate\\Container\\BoundMethod::callBoundMethod()
#49 /home/haya0002/public_html/FormEditor/vendor/laravel/framework/src/Illuminate/Container/Container.php(653): Illuminate\\Container\\BoundMethod::call()
#50 /home/haya0002/public_html/FormEditor/vendor/laravel/framework/src/Illuminate/Console/Command.php(136): Illuminate\\Container\\Container->call()
#51 /home/haya0002/public_html/FormEditor/vendor/symfony/console/Command/Command.php(299): Illuminate\\Console\\Command->execute()
#52 /home/haya0002/public_html/FormEditor/vendor/laravel/framework/src/Illuminate/Console/Command.php(121): Symfony\\Component\\Console\\Command\\Command->run()
#53 /home/haya0002/public_html/FormEditor/vendor/symfony/console/Application.php(978): Illuminate\\Console\\Command->run()
#54 /home/haya0002/public_html/FormEditor/vendor/symfony/console/Application.php(295): Symfony\\Component\\Console\\Application->doRunCommand()
#55 /home/haya0002/public_html/FormEditor/vendor/symfony/console/Application.php(167): Symfony\\Component\\Console\\Application->doRun()
#56 /home/haya0002/public_html/FormEditor/vendor/laravel/framework/src/Illuminate/Console/Application.php(94): Symfony\\Component\\Console\\Application->run()
#57 /home/haya0002/public_html/FormEditor/vendor/laravel/framework/src/Illuminate/Foundation/Console/Kernel.php(129): Illuminate\\Console\\Application->run()
#58 /home/haya0002/public_html/FormEditor/artisan(37): Illuminate\\Foundation\\Console\\Kernel->handle()
#59 {main}
"} 
[2021-11-11 20:22:41] local.ERROR: Class "Database\Seeders\DB" not found {"exception":"[object] (Error(code: 0): Class \"Database\\Seeders\\DB\" not found at /home/haya0002/public_html/FormEditor/database/seeders/UserSeeder.php:16)
[stacktrace]
#0 /home/haya0002/public_html/FormEditor/vendor/laravel/framework/src/Illuminate/Container/BoundMethod.php(36): Database\\Seeders\\UserSeeder->run()
#1 /home/haya0002/public_html/FormEditor/vendor/laravel/framework/src/Illuminate/Container/Util.php(40): Illuminate\\Container\\BoundMethod::Illuminate\\Container\\{closure}()
#2 /home/haya0002/public_html/FormEditor/vendor/laravel/framework/src/Illuminate/Container/BoundMethod.php(93): Illuminate\\Container\\Util::unwrapIfClosure()
#3 /home/haya0002/public_html/FormEditor/vendor/laravel/framework/src/Illuminate/Container/BoundMethod.php(37): Illuminate\\Container\\BoundMethod::callBoundMethod()
#4 /home/haya0002/public_html/FormEditor/vendor/laravel/framework/src/Illuminate/Container/Container.php(653): Illuminate\\Container\\BoundMethod::call()
#5 /home/haya0002/public_html/FormEditor/vendor/laravel/framework/src/Illuminate/Database/Seeder.php(149): Illuminate\\Container\\Container->call()
#6 /home/haya0002/public_html/FormEditor/vendor/laravel/framework/src/Illuminate/Database/Seeder.php(49): Illuminate\\Database\\Seeder->__invoke()
#7 /home/haya0002/public_html/FormEditor/database/seeders/DatabaseSeeder.php(17): Illuminate\\Database\\Seeder->call()
#8 /home/haya0002/public_html/FormEditor/vendor/laravel/framework/src/Illuminate/Container/BoundMethod.php(36): Database\\Seeders\\DatabaseSeeder->run()
#9 /home/haya0002/public_html/FormEditor/vendor/laravel/framework/src/Illuminate/Container/Util.php(40): Illuminate\\Container\\BoundMethod::Illuminate\\Container\\{closure}()
#10 /home/haya0002/public_html/FormEditor/vendor/laravel/framework/src/Illuminate/Container/BoundMethod.php(93): Illuminate\\Container\\Util::unwrapIfClosure()
#11 /home/haya0002/public_html/FormEditor/vendor/laravel/framework/src/Illuminate/Container/BoundMethod.php(37): Illuminate\\Container\\BoundMethod::callBoundMethod()
#12 /home/haya0002/public_html/FormEditor/vendor/laravel/framework/src/Illuminate/Container/Container.php(653): Illuminate\\Container\\BoundMethod::call()
#13 /home/haya0002/public_html/FormEditor/vendor/laravel/framework/src/Illuminate/Database/Seeder.php(149): Illuminate\\Container\\Container->call()
#14 /home/haya0002/public_html/FormEditor/vendor/laravel/framework/src/Illuminate/Database/Console/Seeds/SeedCommand.php(66): Illuminate\\Database\\Seeder->__invoke()
#15 /home/haya0002/public_html/FormEditor/vendor/laravel/framework/src/Illuminate/Database/Eloquent/Concerns/GuardsAttributes.php(157): Illuminate\\Database\\Console\\Seeds\\SeedCommand->Illuminate\\Database\\Console\\Seeds\\{closure}()
#16 /home/haya0002/public_html/FormEditor/vendor/laravel/framework/src/Illuminate/Database/Console/Seeds/SeedCommand.php(67): Illuminate\\Database\\Eloquent\\Model::unguarded()
#17 /home/haya0002/public_html/FormEditor/vendor/laravel/framework/src/Illuminate/Container/BoundMethod.php(36): Illuminate\\Database\\Console\\Seeds\\SeedCommand->handle()
#18 /home/haya0002/public_html/FormEditor/vendor/laravel/framework/src/Illuminate/Container/Util.php(40): Illuminate\\Container\\BoundMethod::Illuminate\\Container\\{closure}()
#19 /home/haya0002/public_html/FormEditor/vendor/laravel/framework/src/Illuminate/Container/BoundMethod.php(93): Illuminate\\Container\\Util::unwrapIfClosure()
#20 /home/haya0002/public_html/FormEditor/vendor/laravel/framework/src/Illuminate/Container/BoundMethod.php(37): Illuminate\\Container\\BoundMethod::callBoundMethod()
#21 /home/haya0002/public_html/FormEditor/vendor/laravel/framework/src/Illuminate/Container/Container.php(653): Illuminate\\Container\\BoundMethod::call()
#22 /home/haya0002/public_html/FormEditor/vendor/laravel/framework/src/Illuminate/Console/Command.php(136): Illuminate\\Container\\Container->call()
#23 /home/haya0002/public_html/FormEditor/vendor/symfony/console/Command/Command.php(299): Illuminate\\Console\\Command->execute()
#24 /home/haya0002/public_html/FormEditor/vendor/laravel/framework/src/Illuminate/Console/Command.php(121): Symfony\\Component\\Console\\Command\\Command->run()
#25 /home/haya0002/public_html/FormEditor/vendor/laravel/framework/src/Illuminate/Console/Concerns/CallsCommands.php(68): Illuminate\\Console\\Command->run()
#26 /home/haya0002/public_html/FormEditor/vendor/laravel/framework/src/Illuminate/Console/Concerns/CallsCommands.php(28): Illuminate\\Console\\Command->runCommand()
#27 /home/haya0002/public_html/FormEditor/vendor/laravel/framework/src/Illuminate/Database/Console/Migrations/FreshCommand.php(90): Illuminate\\Console\\Command->call()
#28 /home/haya0002/public_html/FormEditor/vendor/laravel/framework/src/Illuminate/Database/Console/Migrations/FreshCommand.php(65): Illuminate\\Database\\Console\\Migrations\\FreshCommand->runSeeder()
#29 /home/haya0002/public_html/FormEditor/vendor/laravel/framework/src/Illuminate/Container/BoundMethod.php(36): Illuminate\\Database\\Console\\Migrations\\FreshCommand->handle()
#30 /home/haya0002/public_html/FormEditor/vendor/laravel/framework/src/Illuminate/Container/Util.php(40): Illuminate\\Container\\BoundMethod::Illuminate\\Container\\{closure}()
#31 /home/haya0002/public_html/FormEditor/vendor/laravel/framework/src/Illuminate/Container/BoundMethod.php(93): Illuminate\\Container\\Util::unwrapIfClosure()
#32 /home/haya0002/public_html/FormEditor/vendor/laravel/framework/src/Illuminate/Container/BoundMethod.php(37): Illuminate\\Container\\BoundMethod::callBoundMethod()
#33 /home/haya0002/public_html/FormEditor/vendor/laravel/framework/src/Illuminate/Container/Container.php(653): Illuminate\\Container\\BoundMethod::call()
#34 /home/haya0002/public_html/FormEditor/vendor/laravel/framework/src/Illuminate/Console/Command.php(136): Illuminate\\Container\\Container->call()
#35 /home/haya0002/public_html/FormEditor/vendor/symfony/console/Command/Command.php(299): Illuminate\\Console\\Command->execute()
#36 /home/haya0002/public_html/FormEditor/vendor/laravel/framework/src/Illuminate/Console/Command.php(121): Symfony\\Component\\Console\\Command\\Command->run()
#37 /home/haya0002/public_html/FormEditor/vendor/symfony/console/Application.php(978): Illuminate\\Console\\Command->run()
#38 /home/haya0002/public_html/FormEditor/vendor/symfony/console/Application.php(295): Symfony\\Component\\Console\\Application->doRunCommand()
#39 /home/haya0002/public_html/FormEditor/vendor/symfony/console/Application.php(167): Symfony\\Component\\Console\\Application->doRun()
#40 /home/haya0002/public_html/FormEditor/vendor/laravel/framework/src/Illuminate/Console/Application.php(94): Symfony\\Component\\Console\\Application->run()
#41 /home/haya0002/public_html/FormEditor/vendor/laravel/framework/src/Illuminate/Foundation/Console/Kernel.php(129): Illuminate\\Console\\Application->run()
#42 /home/haya0002/public_html/FormEditor/artisan(37): Illuminate\\Foundation\\Console\\Kernel->handle()
#43 {main}
"} 
